[2017-09-05 10:29:08:018] [INFO] - org.springframework.web.context.ContextLoader.initWebApplicationContext(ContextLoader.java:285) - Root WebApplicationContext: initialization started
[2017-09-05 10:29:08:188] [INFO] - org.springframework.context.support.AbstractApplicationContext.prepareRefresh(AbstractApplicationContext.java:510) - Refreshing Root WebApplicationContext: startup date [Tue Sep 05 10:29:08 CST 2017]; root of context hierarchy
[2017-09-05 10:29:08:267] [INFO] - org.springframework.beans.factory.xml.XmlBeanDefinitionReader.loadBeanDefinitions(XmlBeanDefinitionReader.java:317) - Loading XML bean definitions from file [/Users/kdd/Documents/Java/IDEAWorkSpace/AndroidIm/AndroidIm-web/target/classes/spring/applicationContext-dao.xml]
[2017-09-05 10:29:08:503] [INFO] - org.springframework.beans.factory.xml.XmlBeanDefinitionReader.loadBeanDefinitions(XmlBeanDefinitionReader.java:317) - Loading XML bean definitions from file [/Users/kdd/Documents/Java/IDEAWorkSpace/AndroidIm/AndroidIm-web/target/classes/spring/applicationContext-service.xml]
[2017-09-05 10:29:09:134] [INFO] - org.springframework.core.io.support.PropertiesLoaderSupport.loadProperties(PropertiesLoaderSupport.java:172) - Loading properties file from class path resource [properties/db.properties]
[2017-09-05 10:29:10:066] [INFO] - org.springframework.web.context.ContextLoader.initWebApplicationContext(ContextLoader.java:325) - Root WebApplicationContext: initialization completed in 2043 ms
[2017-09-05 10:29:10:180] [INFO] - org.springframework.web.servlet.FrameworkServlet.initServletBean(FrameworkServlet.java:484) - FrameworkServlet 'springmvc': initialization started
[2017-09-05 10:29:10:184] [INFO] - org.springframework.context.support.AbstractApplicationContext.prepareRefresh(AbstractApplicationContext.java:510) - Refreshing WebApplicationContext for namespace 'springmvc-servlet': startup date [Tue Sep 05 10:29:10 CST 2017]; parent: Root WebApplicationContext
[2017-09-05 10:29:10:185] [INFO] - org.springframework.beans.factory.xml.XmlBeanDefinitionReader.loadBeanDefinitions(XmlBeanDefinitionReader.java:317) - Loading XML bean definitions from class path resource [spring/springmvc.xml]
[2017-09-05 10:29:10:651] [INFO] - org.springframework.web.servlet.handler.AbstractHandlerMethodMapping.registerHandlerMethod(AbstractHandlerMethodMapping.java:220) - Mapped "{[/home],methods=[],params=[],headers=[],consumes=[],produces=[],custom=[]}" onto public org.springframework.web.servlet.ModelAndView com.kdd.androidim.web.controller.LoginController.index()
[2017-09-05 10:29:10:651] [INFO] - org.springframework.web.servlet.handler.AbstractHandlerMethodMapping.registerHandlerMethod(AbstractHandlerMethodMapping.java:220) - Mapped "{[/login],methods=[],params=[],headers=[],consumes=[],produces=[],custom=[]}" onto public org.springframework.web.servlet.ModelAndView com.kdd.androidim.web.controller.LoginController.toLogin()
[2017-09-05 10:29:10:652] [INFO] - org.springframework.web.servlet.handler.AbstractHandlerMethodMapping.registerHandlerMethod(AbstractHandlerMethodMapping.java:220) - Mapped "{[/userlogin],methods=[],params=[],headers=[],consumes=[],produces=[],custom=[]}" onto public com.kdd.androidim.web.common.domain.BaseResponse<java.lang.String> com.kdd.androidim.web.controller.LoginController.userUogin(com.kdd.androidim.web.common.domain.UserLoginReq,javax.servlet.http.HttpServletRequest,javax.servlet.http.HttpServletResponse,org.springframework.ui.Model)
[2017-09-05 10:29:10:653] [INFO] - org.springframework.web.servlet.handler.AbstractHandlerMethodMapping.registerHandlerMethod(AbstractHandlerMethodMapping.java:220) - Mapped "{[/logout],methods=[],params=[],headers=[],consumes=[],produces=[],custom=[]}" onto public org.springframework.web.servlet.ModelAndView com.kdd.androidim.web.controller.LoginController.logout()
[2017-09-05 10:29:11:084] [INFO] - org.springframework.web.servlet.mvc.method.annotation.RequestMappingHandlerAdapter.initControllerAdviceCache(RequestMappingHandlerAdapter.java:518) - Looking for @ControllerAdvice: WebApplicationContext for namespace 'springmvc-servlet': startup date [Tue Sep 05 10:29:10 CST 2017]; parent: Root WebApplicationContext
[2017-09-05 10:29:11:151] [INFO] - org.springframework.web.servlet.mvc.method.annotation.RequestMappingHandlerAdapter.initControllerAdviceCache(RequestMappingHandlerAdapter.java:518) - Looking for @ControllerAdvice: WebApplicationContext for namespace 'springmvc-servlet': startup date [Tue Sep 05 10:29:10 CST 2017]; parent: Root WebApplicationContext
[2017-09-05 10:29:11:268] [INFO] - org.springframework.web.servlet.handler.AbstractUrlHandlerMapping.registerHandler(AbstractUrlHandlerMapping.java:314) - Mapped URL path [/js/**] onto handler 'org.springframework.web.servlet.resource.ResourceHttpRequestHandler#0'
[2017-09-05 10:29:11:273] [INFO] - org.springframework.web.servlet.handler.AbstractUrlHandlerMapping.registerHandler(AbstractUrlHandlerMapping.java:314) - Mapped URL path [/css/**] onto handler 'org.springframework.web.servlet.resource.ResourceHttpRequestHandler#1'
[2017-09-05 10:29:11:276] [INFO] - org.springframework.web.servlet.handler.AbstractUrlHandlerMapping.registerHandler(AbstractUrlHandlerMapping.java:314) - Mapped URL path [/static/**] onto handler 'org.springframework.web.servlet.resource.ResourceHttpRequestHandler#2'
[2017-09-05 10:29:11:279] [INFO] - org.springframework.web.servlet.handler.AbstractUrlHandlerMapping.registerHandler(AbstractUrlHandlerMapping.java:314) - Mapped URL path [/images/**] onto handler 'org.springframework.web.servlet.resource.ResourceHttpRequestHandler#3'
[2017-09-05 10:29:11:309] [INFO] - org.springframework.web.servlet.FrameworkServlet.initServletBean(FrameworkServlet.java:503) - FrameworkServlet 'springmvc': initialization completed in 1129 ms
[2017-09-05 10:29:42:782] [INFO] - com.kdd.androidim.web.common.inteceptor.LoginInteceptor.preHandle(LoginInteceptor.java:42) - 
用户访问url=/home 因未登陆或session过期, 强制跳转到tologin登陆页
[2017-09-05 10:30:40:186] [INFO] - org.springframework.web.context.ContextLoader.initWebApplicationContext(ContextLoader.java:285) - Root WebApplicationContext: initialization started
[2017-09-05 10:30:40:353] [INFO] - org.springframework.context.support.AbstractApplicationContext.prepareRefresh(AbstractApplicationContext.java:510) - Refreshing Root WebApplicationContext: startup date [Tue Sep 05 10:30:40 CST 2017]; root of context hierarchy
[2017-09-05 10:30:40:464] [INFO] - org.springframework.beans.factory.xml.XmlBeanDefinitionReader.loadBeanDefinitions(XmlBeanDefinitionReader.java:317) - Loading XML bean definitions from file [/Users/kdd/Documents/Java/IDEAWorkSpace/AndroidIm/AndroidIm-web/target/classes/spring/applicationContext-dao.xml]
[2017-09-05 10:30:40:672] [INFO] - org.springframework.beans.factory.xml.XmlBeanDefinitionReader.loadBeanDefinitions(XmlBeanDefinitionReader.java:317) - Loading XML bean definitions from file [/Users/kdd/Documents/Java/IDEAWorkSpace/AndroidIm/AndroidIm-web/target/classes/spring/applicationContext-service.xml]
[2017-09-05 10:30:41:337] [INFO] - org.springframework.core.io.support.PropertiesLoaderSupport.loadProperties(PropertiesLoaderSupport.java:172) - Loading properties file from class path resource [properties/db.properties]
[2017-09-05 10:30:42:206] [INFO] - org.springframework.web.context.ContextLoader.initWebApplicationContext(ContextLoader.java:325) - Root WebApplicationContext: initialization completed in 1984 ms
[2017-09-05 10:30:42:300] [INFO] - org.springframework.web.servlet.FrameworkServlet.initServletBean(FrameworkServlet.java:484) - FrameworkServlet 'springmvc': initialization started
[2017-09-05 10:30:42:304] [INFO] - org.springframework.context.support.AbstractApplicationContext.prepareRefresh(AbstractApplicationContext.java:510) - Refreshing WebApplicationContext for namespace 'springmvc-servlet': startup date [Tue Sep 05 10:30:42 CST 2017]; parent: Root WebApplicationContext
[2017-09-05 10:30:42:305] [INFO] - org.springframework.beans.factory.xml.XmlBeanDefinitionReader.loadBeanDefinitions(XmlBeanDefinitionReader.java:317) - Loading XML bean definitions from class path resource [spring/springmvc.xml]
[2017-09-05 10:30:42:776] [INFO] - org.springframework.web.servlet.handler.AbstractHandlerMethodMapping.registerHandlerMethod(AbstractHandlerMethodMapping.java:220) - Mapped "{[/home],methods=[],params=[],headers=[],consumes=[],produces=[],custom=[]}" onto public org.springframework.web.servlet.ModelAndView com.kdd.androidim.web.controller.LoginController.index()
[2017-09-05 10:30:42:776] [INFO] - org.springframework.web.servlet.handler.AbstractHandlerMethodMapping.registerHandlerMethod(AbstractHandlerMethodMapping.java:220) - Mapped "{[/logout],methods=[],params=[],headers=[],consumes=[],produces=[],custom=[]}" onto public org.springframework.web.servlet.ModelAndView com.kdd.androidim.web.controller.LoginController.logout()
[2017-09-05 10:30:42:777] [INFO] - org.springframework.web.servlet.handler.AbstractHandlerMethodMapping.registerHandlerMethod(AbstractHandlerMethodMapping.java:220) - Mapped "{[/login],methods=[],params=[],headers=[],consumes=[],produces=[],custom=[]}" onto public org.springframework.web.servlet.ModelAndView com.kdd.androidim.web.controller.LoginController.toLogin()
[2017-09-05 10:30:42:778] [INFO] - org.springframework.web.servlet.handler.AbstractHandlerMethodMapping.registerHandlerMethod(AbstractHandlerMethodMapping.java:220) - Mapped "{[/userlogin],methods=[],params=[],headers=[],consumes=[],produces=[],custom=[]}" onto public com.kdd.androidim.web.common.domain.BaseResponse<java.lang.String> com.kdd.androidim.web.controller.LoginController.userUogin(com.kdd.androidim.web.common.domain.UserLoginReq,javax.servlet.http.HttpServletRequest,javax.servlet.http.HttpServletResponse,org.springframework.ui.Model)
[2017-09-05 10:30:43:173] [INFO] - org.springframework.web.servlet.mvc.method.annotation.RequestMappingHandlerAdapter.initControllerAdviceCache(RequestMappingHandlerAdapter.java:518) - Looking for @ControllerAdvice: WebApplicationContext for namespace 'springmvc-servlet': startup date [Tue Sep 05 10:30:42 CST 2017]; parent: Root WebApplicationContext
[2017-09-05 10:30:43:245] [INFO] - org.springframework.web.servlet.mvc.method.annotation.RequestMappingHandlerAdapter.initControllerAdviceCache(RequestMappingHandlerAdapter.java:518) - Looking for @ControllerAdvice: WebApplicationContext for namespace 'springmvc-servlet': startup date [Tue Sep 05 10:30:42 CST 2017]; parent: Root WebApplicationContext
[2017-09-05 10:30:43:355] [INFO] - org.springframework.web.servlet.handler.AbstractUrlHandlerMapping.registerHandler(AbstractUrlHandlerMapping.java:314) - Mapped URL path [/js/**] onto handler 'org.springframework.web.servlet.resource.ResourceHttpRequestHandler#0'
[2017-09-05 10:30:43:357] [INFO] - org.springframework.web.servlet.handler.AbstractUrlHandlerMapping.registerHandler(AbstractUrlHandlerMapping.java:314) - Mapped URL path [/css/**] onto handler 'org.springframework.web.servlet.resource.ResourceHttpRequestHandler#1'
[2017-09-05 10:30:43:360] [INFO] - org.springframework.web.servlet.handler.AbstractUrlHandlerMapping.registerHandler(AbstractUrlHandlerMapping.java:314) - Mapped URL path [/static/**] onto handler 'org.springframework.web.servlet.resource.ResourceHttpRequestHandler#2'
[2017-09-05 10:30:43:363] [INFO] - org.springframework.web.servlet.handler.AbstractUrlHandlerMapping.registerHandler(AbstractUrlHandlerMapping.java:314) - Mapped URL path [/images/**] onto handler 'org.springframework.web.servlet.resource.ResourceHttpRequestHandler#3'
[2017-09-05 10:30:43:389] [INFO] - org.springframework.web.servlet.FrameworkServlet.initServletBean(FrameworkServlet.java:503) - FrameworkServlet 'springmvc': initialization completed in 1089 ms
[2017-09-05 10:30:49:665] [INFO] - com.kdd.androidim.web.common.inteceptor.LoginInteceptor.preHandle(LoginInteceptor.java:42) - 
用户访问url=/home 因未登陆或session过期, 强制跳转到tologin登陆页
[2017-09-05 10:30:57:810] [INFO] - com.kdd.androidim.web.common.inteceptor.LoginInteceptor.preHandle(LoginInteceptor.java:42) - 
用户访问url=/home 因未登陆或session过期, 强制跳转到tologin登陆页
[2017-09-05 10:31:33:152] [INFO] - com.kdd.androidim.web.common.inteceptor.LoginInteceptor.preHandle(LoginInteceptor.java:42) - 
用户访问url=/home 因未登陆或session过期, 强制跳转到tologin登陆页
